app/build/intermediates/manifest_merge_blame_file/release/manifest-merger-blame-release-report.txt
1<?xml version="1.0" encoding="utf-8"?>
2<manifest xmlns:android="http://schemas.android.com/apk/res/android"
3    package="com.fashionstore.tlstore"
4    android:versionCode="1"
5    android:versionName="1.0" >
6
7    <uses-sdk
8        android:minSdkVersion="21"
8-->src\main\AndroidManifest.xml
9        android:targetSdkVersion="33" />
9-->src\main\AndroidManifest.xml
10
11    <permission
11-->[androidx.core:core:1.9.0] AndroidManifest.xml:22:5-24:47
12        android:name="com.fashionstore.tlstore.DYNAMIC_RECEIVER_NOT_EXPORTED_PERMISSION"
12-->[androidx.core:core:1.9.0] AndroidManifest.xml:23:9-81
13        android:protectionLevel="signature" />
13-->[androidx.core:core:1.9.0] AndroidManifest.xml:24:9-44
14
15    <uses-permission android:name="com.fashionstore.tlstore.DYNAMIC_RECEIVER_NOT_EXPORTED_PERMISSION" />
15-->[androidx.core:core:1.9.0] AndroidManifest.xml:26:5-97
15-->[androidx.core:core:1.9.0] AndroidManifest.xml:26:22-94
16
17    <application
17-->src\main\AndroidManifest.xml:5:5-43:19
18        android:allowBackup="true"
18-->src\main\AndroidManifest.xml:6:9-35
19        android:appComponentFactory="androidx.core.app.CoreComponentFactory"
19-->[androidx.core:core:1.9.0] AndroidManifest.xml:28:18-86
20        android:dataExtractionRules="@xml/data_extraction_rules"
20-->src\main\AndroidManifest.xml:7:9-65
21        android:fullBackupContent="@xml/backup_rules"
21-->src\main\AndroidManifest.xml:8:9-54
22        android:icon="@mipmap/ic_launcher"
22-->src\main\AndroidManifest.xml:9:9-43
23        android:label="@string/app_name"
23-->src\main\AndroidManifest.xml:10:9-41
24        android:roundIcon="@mipmap/ic_launcher_round"
24-->src\main\AndroidManifest.xml:11:9-54
25        android:supportsRtl="true"
25-->src\main\AndroidManifest.xml:12:9-35
26        android:theme="@style/Theme.TLStore" >
26-->src\main\AndroidManifest.xml:13:9-45
27        <activity
27-->src\main\AndroidManifest.xml:15:9-21:20
28            android:name="com.fashionstore.tlstore.LoginActivity"
28-->src\main\AndroidManifest.xml:16:13-42
29            android:exported="false" >
29-->src\main\AndroidManifest.xml:17:13-37
30            <meta-data
30-->src\main\AndroidManifest.xml:18:13-20:36
31                android:name="android.app.lib_name"
31-->src\main\AndroidManifest.xml:19:17-52
32                android:value="" />
32-->src\main\AndroidManifest.xml:20:17-33
33        </activity>
34        <activity
34-->src\main\AndroidManifest.xml:22:9-34:20
35            android:name="com.fashionstore.tlstore.IntroActivity"
35-->src\main\AndroidManifest.xml:23:13-42
36            android:exported="true" >
36-->src\main\AndroidManifest.xml:24:13-36
37            <intent-filter>
37-->src\main\AndroidManifest.xml:25:13-29:29
38                <action android:name="android.intent.action.MAIN" />
38-->src\main\AndroidManifest.xml:26:17-69
38-->src\main\AndroidManifest.xml:26:25-66
39
40                <category android:name="android.intent.category.LAUNCHER" />
40-->src\main\AndroidManifest.xml:28:17-77
40-->src\main\AndroidManifest.xml:28:27-74
41            </intent-filter>
42
43            <meta-data
43-->src\main\AndroidManifest.xml:18:13-20:36
44                android:name="android.app.lib_name"
44-->src\main\AndroidManifest.xml:19:17-52
45                android:value="" />
45-->src\main\AndroidManifest.xml:20:17-33
46        </activity>
47        <activity
47-->src\main\AndroidManifest.xml:35:9-41:20
48            android:name="com.fashionstore.tlstore.MainActivity"
48-->src\main\AndroidManifest.xml:36:13-41
49            android:exported="false" >
49-->src\main\AndroidManifest.xml:37:13-37
50            <meta-data
50-->src\main\AndroidManifest.xml:18:13-20:36
51                android:name="android.app.lib_name"
51-->src\main\AndroidManifest.xml:19:17-52
52                android:value="" />
52-->src\main\AndroidManifest.xml:20:17-33
53        </activity>
54        <activity android:name="com.fashionstore.tlstore.SignupActivity" />
54-->src\main\AndroidManifest.xml:42:9-61
54-->src\main\AndroidManifest.xml:42:19-49
55
56        <provider
56-->[androidx.emoji2:emoji2:1.2.0] AndroidManifest.xml:24:9-32:20
57            android:name="androidx.startup.InitializationProvider"
57-->[androidx.emoji2:emoji2:1.2.0] AndroidManifest.xml:25:13-67
58            android:authorities="com.fashionstore.tlstore.androidx-startup"
58-->[androidx.emoji2:emoji2:1.2.0] AndroidManifest.xml:26:13-68
59            android:exported="false" >
59-->[androidx.emoji2:emoji2:1.2.0] AndroidManifest.xml:27:13-37
60            <meta-data
60-->[androidx.emoji2:emoji2:1.2.0] AndroidManifest.xml:29:13-31:52
61                android:name="androidx.emoji2.text.EmojiCompatInitializer"
61-->[androidx.emoji2:emoji2:1.2.0] AndroidManifest.xml:30:17-75
62                android:value="androidx.startup" />
62-->[androidx.emoji2:emoji2:1.2.0] AndroidManifest.xml:31:17-49
63            <meta-data
63-->[androidx.lifecycle:lifecycle-process:2.4.1] AndroidManifest.xml:31:13-33:52
64                android:name="androidx.lifecycle.ProcessLifecycleInitializer"
64-->[androidx.lifecycle:lifecycle-process:2.4.1] AndroidManifest.xml:32:17-78
65                android:value="androidx.startup" />
65-->[androidx.lifecycle:lifecycle-process:2.4.1] AndroidManifest.xml:33:17-49
66        </provider>
67    </application>
68
69</manifest>